{"/Users/imtiyaz/Documents/projects/BHR/src/index.ts": {"path":"/Users/imtiyaz/Documents/projects/BHR/src/index.ts","statementMap":{"0":{"start":{"line":25,"column":4},"end":{"line":25,"column":31}},"1":{"start":{"line":26,"column":4},"end":{"line":26,"column":41}},"2":{"start":{"line":33,"column":4},"end":{"line":47,"column":5}},"3":{"start":{"line":34,"column":6},"end":{"line":44,"column":8}},"4":{"start":{"line":46,"column":6},"end":{"line":46,"column":33}},"5":{"start":{"line":51,"column":31},"end":{"line":51,"column":66}},"6":{"start":{"line":53,"column":4},"end":{"line":56,"column":7}},"7":{"start":{"line":60,"column":21},"end":{"line":60,"column":35}},"8":{"start":{"line":62,"column":4},"end":{"line":80,"column":5}},"9":{"start":{"line":63,"column":6},"end":{"line":79,"column":9}},"10":{"start":{"line":64,"column":32},"end":{"line":70,"column":9}},"11":{"start":{"line":65,"column":10},"end":{"line":67,"column":11}},"12":{"start":{"line":66,"column":12},"end":{"line":66,"column":39}},"13":{"start":{"line":69,"column":10},"end":{"line":69,"column":25}},"14":{"start":{"line":72,"column":8},"end":{"line":78,"column":10}},"15":{"start":{"line":81,"column":4},"end":{"line":81,"column":51}},"16":{"start":{"line":86,"column":28},"end":{"line":86,"column":52}},"17":{"start":{"line":88,"column":37},"end":{"line":88,"column":39}},"18":{"start":{"line":90,"column":2},"end":{"line":100,"column":3}},"19":{"start":{"line":90,"column":19},"end":{"line":90,"column":20}},"20":{"start":{"line":91,"column":19},"end":{"line":91,"column":33}},"21":{"start":{"line":93,"column":4},"end":{"line":99,"column":6}},"22":{"start":{"line":94,"column":6},"end":{"line":98,"column":23}},"23":{"start":{"line":102,"column":2},"end":{"line":102,"column":18}},"24":{"start":{"line":105,"column":13},"end":{"line":105,"column":32}}},"fnMap":{"0":{"name":"(anonymous_0)","decl":{"start":{"line":21,"column":2},"end":{"line":21,"column":3}},"loc":{"start":{"line":24,"column":4},"end":{"line":27,"column":3}},"line":24},"1":{"name":"(anonymous_1)","decl":{"start":{"line":32,"column":2},"end":{"line":32,"column":3}},"loc":{"start":{"line":32,"column":34},"end":{"line":48,"column":3}},"line":32},"2":{"name":"(anonymous_2)","decl":{"start":{"line":50,"column":2},"end":{"line":50,"column":3}},"loc":{"start":{"line":50,"column":43},"end":{"line":57,"column":3}},"line":50},"3":{"name":"(anonymous_3)","decl":{"start":{"line":59,"column":2},"end":{"line":59,"column":3}},"loc":{"start":{"line":59,"column":16},"end":{"line":82,"column":3}},"line":59},"4":{"name":"(anonymous_4)","decl":{"start":{"line":63,"column":46},"end":{"line":63,"column":47}},"loc":{"start":{"line":63,"column":61},"end":{"line":79,"column":7}},"line":63},"5":{"name":"(anonymous_5)","decl":{"start":{"line":64,"column":32},"end":{"line":64,"column":33}},"loc":{"start":{"line":64,"column":66},"end":{"line":70,"column":9}},"line":64},"6":{"name":"createNewInstance","decl":{"start":{"line":85,"column":16},"end":{"line":85,"column":33}},"loc":{"start":{"line":85,"column":79},"end":{"line":103,"column":1}},"line":85},"7":{"name":"(anonymous_7)","decl":{"start":{"line":93,"column":23},"end":{"line":93,"column":24}},"loc":{"start":{"line":93,"column":75},"end":{"line":99,"column":5}},"line":93}},"branchMap":{"0":{"loc":{"start":{"line":22,"column":4},"end":{"line":22,"column":36}},"type":"default-arg","locations":[{"start":{"line":22,"column":34},"end":{"line":22,"column":36}}],"line":22},"1":{"loc":{"start":{"line":35,"column":8},"end":{"line":43,"column":37}},"type":"cond-expr","locations":[{"start":{"line":36,"column":12},"end":{"line":36,"column":37}},{"start":{"line":37,"column":12},"end":{"line":43,"column":37}}],"line":35},"2":{"loc":{"start":{"line":37,"column":13},"end":{"line":42,"column":74}},"type":"cond-expr","locations":[{"start":{"line":39,"column":16},"end":{"line":41,"column":60}},{"start":{"line":42,"column":16},"end":{"line":42,"column":74}}],"line":37},"3":{"loc":{"start":{"line":37,"column":13},"end":{"line":38,"column":45}},"type":"binary-expr","locations":[{"start":{"line":37,"column":13},"end":{"line":37,"column":57}},{"start":{"line":38,"column":12},"end":{"line":38,"column":45}}],"line":37},"4":{"loc":{"start":{"line":39,"column":16},"end":{"line":41,"column":60}},"type":"cond-expr","locations":[{"start":{"line":40,"column":18},"end":{"line":40,"column":74}},{"start":{"line":41,"column":18},"end":{"line":41,"column":60}}],"line":39},"5":{"loc":{"start":{"line":42,"column":16},"end":{"line":42,"column":74}},"type":"binary-expr","locations":[{"start":{"line":42,"column":16},"end":{"line":42,"column":40}},{"start":{"line":42,"column":44},"end":{"line":42,"column":74}}],"line":42},"6":{"loc":{"start":{"line":62,"column":4},"end":{"line":80,"column":5}},"type":"if","locations":[{"start":{"line":62,"column":4},"end":{"line":80,"column":5}},{"start":{},"end":{}}],"line":62},"7":{"loc":{"start":{"line":64,"column":33},"end":{"line":64,"column":53}},"type":"default-arg","locations":[{"start":{"line":64,"column":51},"end":{"line":64,"column":53}}],"line":64}},"s":{"0":0,"1":0,"2":0,"3":0,"4":0,"5":0,"6":0,"7":0,"8":0,"9":0,"10":0,"11":0,"12":0,"13":0,"14":0,"15":0,"16":1,"17":1,"18":1,"19":1,"20":3,"21":3,"22":0,"23":1,"24":1},"f":{"0":0,"1":0,"2":0,"3":0,"4":0,"5":0,"6":1,"7":0},"b":{"0":[0],"1":[0,0],"2":[0,0],"3":[0,0],"4":[0,0],"5":[0,0],"6":[0,0],"7":[0]},"_coverageSchema":"1a1c01bbd47fc00a2c39e90264f33305004495a9","hash":"dc68144a991c2018484e49addc1859b35b786d2a"}
}
