TN:
SF:src/index.ts
FN:21,(anonymous_0)
FN:32,(anonymous_1)
FN:50,(anonymous_2)
FN:59,(anonymous_3)
FN:63,(anonymous_4)
FN:64,(anonymous_5)
FN:85,createNewInstance
FN:93,(anonymous_7)
FNF:8
FNH:1
FNDA:0,(anonymous_0)
FNDA:0,(anonymous_1)
FNDA:0,(anonymous_2)
FNDA:0,(anonymous_3)
FNDA:0,(anonymous_4)
FNDA:0,(anonymous_5)
FNDA:1,createNewInstance
FNDA:0,(anonymous_7)
DA:25,0
DA:26,0
DA:33,0
DA:34,0
DA:46,0
DA:51,0
DA:53,0
DA:60,0
DA:62,0
DA:63,0
DA:64,0
DA:65,0
DA:66,0
DA:69,0
DA:72,0
DA:81,0
DA:86,1
DA:88,1
DA:90,1
DA:91,3
DA:93,3
DA:94,0
DA:102,1
DA:105,1
LF:24
LH:7
BRDA:22,0,0,0
BRDA:35,1,0,0
BRDA:35,1,1,0
BRDA:37,2,0,0
BRDA:37,2,1,0
BRDA:37,3,0,0
BRDA:37,3,1,0
BRDA:39,4,0,0
BRDA:39,4,1,0
BRDA:42,5,0,0
BRDA:42,5,1,0
BRDA:62,6,0,0
BRDA:62,6,1,0
BRDA:64,7,0,0
BRF:14
BRH:0
end_of_record
